
*** Running xst
    with args -ifn "mojo_top_0.xst" -ofn "mojo_top_0.srp" -intstyle ise

Reading design: mojo_top_0.prj

=========================================================================
*                          HDL Parsing                                  *
=========================================================================
Analyzing Verilog file "D:/Library/Desktop/50.002 Computation Structure/Mojo/EightBitALU/work/planAhead/EightBitAdder/EightBitAdder.srcs/sources_1/imports/verilog/zvn_2.v" into library work
Parsing module <zvn_2>.
Analyzing Verilog file "D:/Library/Desktop/50.002 Computation Structure/Mojo/EightBitALU/work/planAhead/EightBitAdder/EightBitAdder.srcs/sources_1/imports/verilog/shift8_5.v" into library work
Parsing module <shift8_5>.
Analyzing Verilog file "D:/Library/Desktop/50.002 Computation Structure/Mojo/EightBitALU/work/planAhead/EightBitAdder/EightBitAdder.srcs/sources_1/imports/verilog/reset_conditioner_7.v" into library work
Parsing module <reset_conditioner_7>.
Analyzing Verilog file "D:/Library/Desktop/50.002 Computation Structure/Mojo/EightBitALU/work/planAhead/EightBitAdder/EightBitAdder.srcs/sources_1/imports/verilog/mux_6.v" into library work
Parsing module <mux_6>.
Analyzing Verilog file "D:/Library/Desktop/50.002 Computation Structure/Mojo/EightBitALU/work/planAhead/EightBitAdder/EightBitAdder.srcs/sources_1/imports/verilog/compare8_4.v" into library work
Parsing module <compare8_4>.
Analyzing Verilog file "D:/Library/Desktop/50.002 Computation Structure/Mojo/EightBitALU/work/planAhead/EightBitAdder/EightBitAdder.srcs/sources_1/imports/verilog/boole8_3.v" into library work
Parsing module <boole8_3>.
Analyzing Verilog file "D:/Library/Desktop/50.002 Computation Structure/Mojo/EightBitALU/work/planAhead/EightBitAdder/EightBitAdder.srcs/sources_1/imports/verilog/adder8_1.v" into library work
Parsing module <adder8_1>.
Analyzing Verilog file "D:/Library/Desktop/50.002 Computation Structure/Mojo/EightBitALU/work/planAhead/EightBitAdder/EightBitAdder.srcs/sources_1/imports/verilog/mojo_top_0.v" into library work
Parsing module <mojo_top_0>.

=========================================================================
*                            HDL Elaboration                            *
=========================================================================

Elaborating module <mojo_top_0>.

Elaborating module <adder8_1>.

Elaborating module <zvn_2>.

Elaborating module <boole8_3>.

Elaborating module <compare8_4>.

Elaborating module <shift8_5>.

Elaborating module <mux_6>.
WARNING:HDLCompiler:1127 - "D:/Library/Desktop/50.002 Computation Structure/Mojo/EightBitALU/work/planAhead/EightBitAdder/EightBitAdder.srcs/sources_1/imports/verilog/mojo_top_0.v" Line 106: Assignment to M_mux_out ignored, since the identifier is never used

Elaborating module <reset_conditioner_7>.
WARNING:HDLCompiler:1127 - "D:/Library/Desktop/50.002 Computation Structure/Mojo/EightBitALU/work/planAhead/EightBitAdder/EightBitAdder.srcs/sources_1/imports/verilog/mojo_top_0.v" Line 117: Assignment to rst ignored, since the identifier is never used
WARNING:Xst:2972 - "D:/Library/Desktop/50.002 Computation Structure/Mojo/EightBitALU/work/planAhead/EightBitAdder/EightBitAdder.srcs/sources_1/imports/verilog/mojo_top_0.v" line 50. All outputs of instance <zvn> of block <zvn_2> are unconnected in block <mojo_top_0>. Underlying logic will be removed.
WARNING:Xst:2972 - "D:/Library/Desktop/50.002 Computation Structure/Mojo/EightBitALU/work/planAhead/EightBitAdder/EightBitAdder.srcs/sources_1/imports/verilog/mojo_top_0.v" line 63. All outputs of instance <boole> of block <boole8_3> are unconnected in block <mojo_top_0>. Underlying logic will be removed.
WARNING:Xst:2972 - "D:/Library/Desktop/50.002 Computation Structure/Mojo/EightBitALU/work/planAhead/EightBitAdder/EightBitAdder.srcs/sources_1/imports/verilog/mojo_top_0.v" line 75. All outputs of instance <cmp> of block <compare8_4> are unconnected in block <mojo_top_0>. Underlying logic will be removed.
WARNING:Xst:2972 - "D:/Library/Desktop/50.002 Computation Structure/Mojo/EightBitALU/work/planAhead/EightBitAdder/EightBitAdder.srcs/sources_1/imports/verilog/mojo_top_0.v" line 87. All outputs of instance <shift> of block <shift8_5> are unconnected in block <mojo_top_0>. Underlying logic will be removed.
WARNING:Xst:2972 - "D:/Library/Desktop/50.002 Computation Structure/Mojo/EightBitALU/work/planAhead/EightBitAdder/EightBitAdder.srcs/sources_1/imports/verilog/mojo_top_0.v" line 100. All outputs of instance <mux> of block <mux_6> are unconnected in block <mojo_top_0>. Underlying logic will be removed.
WARNING:Xst:2972 - "D:/Library/Desktop/50.002 Computation Structure/Mojo/EightBitALU/work/planAhead/EightBitAdder/EightBitAdder.srcs/sources_1/imports/verilog/mojo_top_0.v" line 111. All outputs of instance <reset_cond> of block <reset_conditioner_7> are unconnected in block <mojo_top_0>. Underlying logic will be removed.

=========================================================================
*                           HDL Synthesis                               *
=========================================================================

Synthesizing Unit <mojo_top_0>.
    Related source file is "D:/Library/Desktop/50.002 Computation Structure/Mojo/EightBitALU/work/planAhead/EightBitAdder/EightBitAdder.srcs/sources_1/imports/verilog/mojo_top_0.v".
WARNING:Xst:647 - Input <io_button> is never used. This port will be preserved and left unconnected if it belongs to a top-level block or it belongs to a sub-block and the hierarchy of this sub-block is preserved.
WARNING:Xst:647 - Input <io_dip<23:22>> is never used. This port will be preserved and left unconnected if it belongs to a top-level block or it belongs to a sub-block and the hierarchy of this sub-block is preserved.
WARNING:Xst:647 - Input <cclk> is never used. This port will be preserved and left unconnected if it belongs to a top-level block or it belongs to a sub-block and the hierarchy of this sub-block is preserved.
WARNING:Xst:647 - Input <spi_ss> is never used. This port will be preserved and left unconnected if it belongs to a top-level block or it belongs to a sub-block and the hierarchy of this sub-block is preserved.
WARNING:Xst:647 - Input <spi_mosi> is never used. This port will be preserved and left unconnected if it belongs to a top-level block or it belongs to a sub-block and the hierarchy of this sub-block is preserved.
WARNING:Xst:647 - Input <spi_sck> is never used. This port will be preserved and left unconnected if it belongs to a top-level block or it belongs to a sub-block and the hierarchy of this sub-block is preserved.
WARNING:Xst:647 - Input <avr_tx> is never used. This port will be preserved and left unconnected if it belongs to a top-level block or it belongs to a sub-block and the hierarchy of this sub-block is preserved.
WARNING:Xst:647 - Input <avr_rx_busy> is never used. This port will be preserved and left unconnected if it belongs to a top-level block or it belongs to a sub-block and the hierarchy of this sub-block is preserved.
INFO:Xst:3210 - "D:/Library/Desktop/50.002 Computation Structure/Mojo/EightBitALU/work/planAhead/EightBitAdder/EightBitAdder.srcs/sources_1/imports/verilog/mojo_top_0.v" line 100: Output port <out> of the instance <mux> is unconnected or connected to loadless signal.
INFO:Xst:3210 - "D:/Library/Desktop/50.002 Computation Structure/Mojo/EightBitALU/work/planAhead/EightBitAdder/EightBitAdder.srcs/sources_1/imports/verilog/mojo_top_0.v" line 111: Output port <out> of the instance <reset_cond> is unconnected or connected to loadless signal.
    Found 1-bit tristate buffer for signal <spi_miso> created at line 117
    Found 1-bit tristate buffer for signal <spi_channel<3>> created at line 117
    Found 1-bit tristate buffer for signal <spi_channel<2>> created at line 117
    Found 1-bit tristate buffer for signal <spi_channel<1>> created at line 117
    Found 1-bit tristate buffer for signal <spi_channel<0>> created at line 117
    Found 1-bit tristate buffer for signal <avr_rx> created at line 117
    Summary:
	inferred   6 Tristate(s).
Unit <mojo_top_0> synthesized.

Synthesizing Unit <adder8_1>.
    Related source file is "D:/Library/Desktop/50.002 Computation Structure/Mojo/EightBitALU/work/planAhead/EightBitAdder/EightBitAdder.srcs/sources_1/imports/verilog/adder8_1.v".
WARNING:Xst:647 - Input <alufn<5:1>> is never used. This port will be preserved and left unconnected if it belongs to a top-level block or it belongs to a sub-block and the hierarchy of this sub-block is preserved.
    Found 8-bit subtractor for signal <a[7]_b[7]_sub_2_OUT> created at line 32.
    Found 8-bit adder for signal <a[7]_b[7]_add_0_OUT> created at line 29.
    Summary:
	inferred   1 Adder/Subtractor(s).
Unit <adder8_1> synthesized.

=========================================================================
HDL Synthesis Report

Macro Statistics
# Adders/Subtractors                                   : 1
 8-bit addsub                                          : 1
# Tristates                                            : 6
 1-bit tristate buffer                                 : 6
# Xors                                                 : 8
 1-bit xor2                                            : 8

=========================================================================

=========================================================================
*                       Advanced HDL Synthesis                          *
=========================================================================


=========================================================================
Advanced HDL Synthesis Report

Macro Statistics
# Adders/Subtractors                                   : 1
 8-bit addsub                                          : 1
# Xors                                                 : 8
 1-bit xor2                                            : 8

=========================================================================

=========================================================================
*                         Low Level Synthesis                           *
=========================================================================

Optimizing unit <mojo_top_0> ...

Optimizing unit <adder8_1> ...

Mapping all equations...
Building and optimizing final netlist ...
Found area constraint ratio of 100 (+ 0) on block mojo_top_0, actual ratio is 0.

Final Macro Processing ...

=========================================================================
Final Register Report

Found no macro
=========================================================================

=========================================================================
*                           Partition Report                            *
=========================================================================

Partition Implementation Status
-------------------------------

  No Partitions were found in this design.

-------------------------------

=========================================================================
*                            Design Summary                             *
=========================================================================

Clock Information:
------------------
No clock signals found in this design

Asynchronous Control Signals Information:
----------------------------------------
No asynchronous control signals found in this design

Timing Summary:
---------------
Speed Grade: -2

   Minimum period: No path found
   Minimum input arrival time before clock: No path found
   Maximum output required time after clock: No path found
   Maximum combinational path delay: 6.522ns

=========================================================================
