
*** Running ngdbuild
    with args -intstyle ise -p xc6slx9tqg144-2 -dd _ngo -uc "mojo_top_0.ucf" "mojo_top_0.edf"


Command Line: D:\Software\Xilinx\14.7\ISE_DS\ISE\bin\nt64\unwrapped\ngdbuild.exe
-intstyle ise -p xc6slx9tqg144-2 -dd _ngo -uc mojo_top_0.ucf mojo_top_0.edf

Executing edif2ngd -quiet "mojo_top_0.edf" "_ngo\mojo_top_0.ngo"
Release 14.7 - edif2ngd P.20131013 (nt64)
Copyright (c) 1995-2013 Xilinx, Inc.  All rights reserved.
Reading NGO file "D:/Library/Desktop/50.002 Computation Structure/Mojo/7Segment
Display/work/planAhead/7Segment Numbers/7Segment
Numbers.runs/impl_1/_ngo/mojo_top_0.ngo" ...
Gathering constraint information from source properties...
Done.

Annotating constraints to design from ucf file "mojo_top_0.ucf" ...
ERROR:NgdBuild:789 - "mojo_top_0.ucf" Line 60: 'PULDOWN' is an invalid
   constraint name.
Resolving constraint associations...
Checking Constraint Associations...
Done...

Checking expanded design ...

Partition Implementation Status
-------------------------------

  No Partitions were found in this design.

-------------------------------

NGDBUILD Design Results Summary:
  Number of errors:     1
  Number of warnings:   0

Total REAL time to NGDBUILD completion:  26 sec
Total CPU time to NGDBUILD completion:   12 sec

One or more errors were found during NGDBUILD.  No NGD file will be written.

Writing NGDBUILD log file "mojo_top_0.bld"...

*** Running map
    with args -intstyle pa -w -pr b -mt on "mojo_top_0.ngd"

ERROR:Map:92 - NGD file "mojo_top_0.ngd" not found. 
